[2018-11-05 11:33:44] dev.ERROR: Symfony\Component\Debug\Exception\FatalThrowableError: Call to undefined method Illuminate\Support\Facades\Validator::extend() in C:\xampp\htdocs\install-master\vendor\laravel\framework\src\Illuminate\Support\Facades\Facade.php:221
Stack trace:
#0 C:\xampp\htdocs\install-master\plugins\ebussola\feedback\Plugin.php(54): Illuminate\Support\Facades\Facade::__callStatic('extend', Array)
#1 C:\xampp\htdocs\install-master\modules\system\classes\PluginManager.php(217): eBussola\Feedback\Plugin->register()
#2 C:\xampp\htdocs\install-master\modules\system\classes\PluginManager.php(161): System\Classes\PluginManager->registerPlugin(Object(eBussola\Feedback\Plugin), 'eBussola.Feedba...')
#3 C:\xampp\htdocs\install-master\modules\system\ServiceProvider.php(46): System\Classes\PluginManager->registerAll()
#4 C:\xampp\htdocs\install-master\vendor\laravel\framework\src\Illuminate\Foundation\Application.php(586): System\ServiceProvider->register()
#5 C:\xampp\htdocs\install-master\vendor\laravel\framework\src\Illuminate\Foundation\ProviderRepository.php(75): Illuminate\Foundation\Application->register(Object(System\ServiceProvider))
#6 C:\xampp\htdocs\install-master\vendor\laravel\framework\src\Illuminate\Foundation\Application.php(561): Illuminate\Foundation\ProviderRepository->load(Array)
#7 C:\xampp\htdocs\install-master\vendor\laravel\framework\src\Illuminate\Foundation\Bootstrap\RegisterProviders.php(17): Illuminate\Foundation\Application->registerConfiguredProviders()
#8 C:\xampp\htdocs\install-master\vendor\laravel\framework\src\Illuminate\Foundation\Application.php(213): Illuminate\Foundation\Bootstrap\RegisterProviders->bootstrap(Object(October\Rain\Foundation\Application))
#9 C:\xampp\htdocs\install-master\vendor\laravel\framework\src\Illuminate\Foundation\Http\Kernel.php(162): Illuminate\Foundation\Application->bootstrapWith(Array)
#10 C:\xampp\htdocs\install-master\vendor\laravel\framework\src\Illuminate\Foundation\Http\Kernel.php(146): Illuminate\Foundation\Http\Kernel->bootstrap()
#11 C:\xampp\htdocs\install-master\vendor\laravel\framework\src\Illuminate\Foundation\Http\Kernel.php(116): Illuminate\Foundation\Http\Kernel->sendRequestThroughRouter(Object(Illuminate\Http\Request))
#12 C:\xampp\htdocs\install-master\index.php(43): Illuminate\Foundation\Http\Kernel->handle(Object(Illuminate\Http\Request))
#13 {main}  
[2018-11-05 11:33:57] dev.ERROR: Symfony\Component\Debug\Exception\FatalThrowableError: Call to undefined method Illuminate\Support\Facades\Validator::extend() in C:\xampp\htdocs\install-master\vendor\laravel\framework\src\Illuminate\Support\Facades\Facade.php:221
Stack trace:
#0 C:\xampp\htdocs\install-master\plugins\ebussola\feedback\Plugin.php(54): Illuminate\Support\Facades\Facade::__callStatic('extend', Array)
#1 C:\xampp\htdocs\install-master\modules\system\classes\PluginManager.php(217): eBussola\Feedback\Plugin->register()
#2 C:\xampp\htdocs\install-master\modules\system\classes\PluginManager.php(161): System\Classes\PluginManager->registerPlugin(Object(eBussola\Feedback\Plugin), 'eBussola.Feedba...')
#3 C:\xampp\htdocs\install-master\modules\system\ServiceProvider.php(46): System\Classes\PluginManager->registerAll()
#4 C:\xampp\htdocs\install-master\vendor\laravel\framework\src\Illuminate\Foundation\Application.php(586): System\ServiceProvider->register()
#5 C:\xampp\htdocs\install-master\vendor\laravel\framework\src\Illuminate\Foundation\ProviderRepository.php(75): Illuminate\Foundation\Application->register(Object(System\ServiceProvider))
#6 C:\xampp\htdocs\install-master\vendor\laravel\framework\src\Illuminate\Foundation\Application.php(561): Illuminate\Foundation\ProviderRepository->load(Array)
#7 C:\xampp\htdocs\install-master\vendor\laravel\framework\src\Illuminate\Foundation\Bootstrap\RegisterProviders.php(17): Illuminate\Foundation\Application->registerConfiguredProviders()
#8 C:\xampp\htdocs\install-master\vendor\laravel\framework\src\Illuminate\Foundation\Application.php(213): Illuminate\Foundation\Bootstrap\RegisterProviders->bootstrap(Object(October\Rain\Foundation\Application))
#9 C:\xampp\htdocs\install-master\vendor\laravel\framework\src\Illuminate\Foundation\Http\Kernel.php(162): Illuminate\Foundation\Application->bootstrapWith(Array)
#10 C:\xampp\htdocs\install-master\vendor\laravel\framework\src\Illuminate\Foundation\Http\Kernel.php(146): Illuminate\Foundation\Http\Kernel->bootstrap()
#11 C:\xampp\htdocs\install-master\vendor\laravel\framework\src\Illuminate\Foundation\Http\Kernel.php(116): Illuminate\Foundation\Http\Kernel->sendRequestThroughRouter(Object(Illuminate\Http\Request))
#12 C:\xampp\htdocs\install-master\index.php(43): Illuminate\Foundation\Http\Kernel->handle(Object(Illuminate\Http\Request))
#13 {main}  
[2018-11-05 11:34:41] dev.ERROR: Symfony\Component\Debug\Exception\FatalThrowableError: Call to undefined method Illuminate\Support\Facades\Validator::extend() in C:\xampp\htdocs\install-master\vendor\laravel\framework\src\Illuminate\Support\Facades\Facade.php:221
Stack trace:
#0 C:\xampp\htdocs\install-master\plugins\ebussola\feedback\Plugin.php(54): Illuminate\Support\Facades\Facade::__callStatic('extend', Array)
#1 C:\xampp\htdocs\install-master\modules\system\classes\PluginManager.php(217): eBussola\Feedback\Plugin->register()
#2 C:\xampp\htdocs\install-master\modules\system\classes\PluginManager.php(161): System\Classes\PluginManager->registerPlugin(Object(eBussola\Feedback\Plugin), 'eBussola.Feedba...')
#3 C:\xampp\htdocs\install-master\modules\system\ServiceProvider.php(46): System\Classes\PluginManager->registerAll()
#4 C:\xampp\htdocs\install-master\vendor\laravel\framework\src\Illuminate\Foundation\Application.php(586): System\ServiceProvider->register()
#5 C:\xampp\htdocs\install-master\vendor\laravel\framework\src\Illuminate\Foundation\ProviderRepository.php(75): Illuminate\Foundation\Application->register(Object(System\ServiceProvider))
#6 C:\xampp\htdocs\install-master\vendor\laravel\framework\src\Illuminate\Foundation\Application.php(561): Illuminate\Foundation\ProviderRepository->load(Array)
#7 C:\xampp\htdocs\install-master\vendor\laravel\framework\src\Illuminate\Foundation\Bootstrap\RegisterProviders.php(17): Illuminate\Foundation\Application->registerConfiguredProviders()
#8 C:\xampp\htdocs\install-master\vendor\laravel\framework\src\Illuminate\Foundation\Application.php(213): Illuminate\Foundation\Bootstrap\RegisterProviders->bootstrap(Object(October\Rain\Foundation\Application))
#9 C:\xampp\htdocs\install-master\vendor\laravel\framework\src\Illuminate\Foundation\Http\Kernel.php(162): Illuminate\Foundation\Application->bootstrapWith(Array)
#10 C:\xampp\htdocs\install-master\vendor\laravel\framework\src\Illuminate\Foundation\Http\Kernel.php(146): Illuminate\Foundation\Http\Kernel->bootstrap()
#11 C:\xampp\htdocs\install-master\vendor\laravel\framework\src\Illuminate\Foundation\Http\Kernel.php(116): Illuminate\Foundation\Http\Kernel->sendRequestThroughRouter(Object(Illuminate\Http\Request))
#12 C:\xampp\htdocs\install-master\index.php(43): Illuminate\Foundation\Http\Kernel->handle(Object(Illuminate\Http\Request))
#13 {main}  
[2018-11-05 11:37:08] dev.ERROR: Symfony\Component\Debug\Exception\FatalThrowableError: Call to undefined method Illuminate\Support\Facades\Validator::extend() in C:\xampp\htdocs\install-master\vendor\laravel\framework\src\Illuminate\Support\Facades\Facade.php:221
Stack trace:
#0 C:\xampp\htdocs\install-master\plugins\ebussola\feedback\Plugin.php(54): Illuminate\Support\Facades\Facade::__callStatic('extend', Array)
#1 C:\xampp\htdocs\install-master\modules\system\classes\PluginManager.php(217): eBussola\Feedback\Plugin->register()
#2 C:\xampp\htdocs\install-master\modules\system\classes\PluginManager.php(161): System\Classes\PluginManager->registerPlugin(Object(eBussola\Feedback\Plugin), 'eBussola.Feedba...')
#3 C:\xampp\htdocs\install-master\modules\system\ServiceProvider.php(46): System\Classes\PluginManager->registerAll()
#4 C:\xampp\htdocs\install-master\vendor\laravel\framework\src\Illuminate\Foundation\Application.php(586): System\ServiceProvider->register()
#5 C:\xampp\htdocs\install-master\vendor\laravel\framework\src\Illuminate\Foundation\ProviderRepository.php(75): Illuminate\Foundation\Application->register(Object(System\ServiceProvider))
#6 C:\xampp\htdocs\install-master\vendor\laravel\framework\src\Illuminate\Foundation\Application.php(561): Illuminate\Foundation\ProviderRepository->load(Array)
#7 C:\xampp\htdocs\install-master\vendor\laravel\framework\src\Illuminate\Foundation\Bootstrap\RegisterProviders.php(17): Illuminate\Foundation\Application->registerConfiguredProviders()
#8 C:\xampp\htdocs\install-master\vendor\laravel\framework\src\Illuminate\Foundation\Application.php(213): Illuminate\Foundation\Bootstrap\RegisterProviders->bootstrap(Object(October\Rain\Foundation\Application))
#9 C:\xampp\htdocs\install-master\vendor\laravel\framework\src\Illuminate\Foundation\Http\Kernel.php(162): Illuminate\Foundation\Application->bootstrapWith(Array)
#10 C:\xampp\htdocs\install-master\vendor\laravel\framework\src\Illuminate\Foundation\Http\Kernel.php(146): Illuminate\Foundation\Http\Kernel->bootstrap()
#11 C:\xampp\htdocs\install-master\vendor\laravel\framework\src\Illuminate\Foundation\Http\Kernel.php(116): Illuminate\Foundation\Http\Kernel->sendRequestThroughRouter(Object(Illuminate\Http\Request))
#12 C:\xampp\htdocs\install-master\index.php(43): Illuminate\Foundation\Http\Kernel->handle(Object(Illuminate\Http\Request))
#13 {main}  
[2018-11-05 11:40:55] dev.ERROR: Symfony\Component\Debug\Exception\FatalThrowableError: Call to undefined method Illuminate\Support\Facades\Validator::extend() in C:\xampp\htdocs\install-master\vendor\laravel\framework\src\Illuminate\Support\Facades\Facade.php:221
Stack trace:
#0 C:\xampp\htdocs\install-master\plugins\ebussola\feedback\Plugin.php(54): Illuminate\Support\Facades\Facade::__callStatic('extend', Array)
#1 C:\xampp\htdocs\install-master\modules\system\classes\PluginManager.php(217): eBussola\Feedback\Plugin->register()
#2 C:\xampp\htdocs\install-master\modules\system\classes\PluginManager.php(161): System\Classes\PluginManager->registerPlugin(Object(eBussola\Feedback\Plugin), 'eBussola.Feedba...')
#3 C:\xampp\htdocs\install-master\modules\system\ServiceProvider.php(46): System\Classes\PluginManager->registerAll()
#4 C:\xampp\htdocs\install-master\vendor\laravel\framework\src\Illuminate\Foundation\Application.php(586): System\ServiceProvider->register()
#5 C:\xampp\htdocs\install-master\vendor\laravel\framework\src\Illuminate\Foundation\ProviderRepository.php(75): Illuminate\Foundation\Application->register(Object(System\ServiceProvider))
#6 C:\xampp\htdocs\install-master\vendor\laravel\framework\src\Illuminate\Foundation\Application.php(561): Illuminate\Foundation\ProviderRepository->load(Array)
#7 C:\xampp\htdocs\install-master\vendor\laravel\framework\src\Illuminate\Foundation\Bootstrap\RegisterProviders.php(17): Illuminate\Foundation\Application->registerConfiguredProviders()
#8 C:\xampp\htdocs\install-master\vendor\laravel\framework\src\Illuminate\Foundation\Application.php(213): Illuminate\Foundation\Bootstrap\RegisterProviders->bootstrap(Object(October\Rain\Foundation\Application))
#9 C:\xampp\htdocs\install-master\vendor\laravel\framework\src\Illuminate\Foundation\Http\Kernel.php(162): Illuminate\Foundation\Application->bootstrapWith(Array)
#10 C:\xampp\htdocs\install-master\vendor\laravel\framework\src\Illuminate\Foundation\Http\Kernel.php(146): Illuminate\Foundation\Http\Kernel->bootstrap()
#11 C:\xampp\htdocs\install-master\vendor\laravel\framework\src\Illuminate\Foundation\Http\Kernel.php(116): Illuminate\Foundation\Http\Kernel->sendRequestThroughRouter(Object(Illuminate\Http\Request))
#12 C:\xampp\htdocs\install-master\index.php(43): Illuminate\Foundation\Http\Kernel->handle(Object(Illuminate\Http\Request))
#13 {main}  
[2018-11-22 16:00:47] dev.ERROR: Symfony\Component\Debug\Exception\FatalErrorException: Maximum execution time of 30 seconds exceeded in C:\xampp\htdocs\install-master\modules\system\classes\PluginManager.php:393
Stack trace:
#0 {main}  
[2018-11-22 18:06:38] dev.ERROR: ErrorException: file_get_contents(C:\xampp\htdocs\install-master/themes/rainlab-vanilla/assets/less/theme.less): failed to open stream: No such file or directory in C:\xampp\htdocs\install-master\vendor\october\rain\src\Parse\Assetic\LessCompiler.php:52
Stack trace:
#0 [internal function]: Illuminate\Foundation\Bootstrap\HandleExceptions->handleError(2, 'file_get_conten...', 'C:\\xampp\\htdocs...', 52, Array)
#1 C:\xampp\htdocs\install-master\vendor\october\rain\src\Parse\Assetic\LessCompiler.php(52): file_get_contents('C:\\xampp\\htdocs...')
#2 C:\xampp\htdocs\install-master\modules\system\classes\CombineAssets.php(480): October\Rain\Parse\Assetic\LessCompiler->hashAsset('C:\\xampp\\htdocs...', 'C:\\xampp\\htdocs...')
#3 C:\xampp\htdocs\install-master\modules\system\classes\CombineAssets.php(802): System\Classes\CombineAssets->getDeepHashFromAssets(Array)
#4 C:\xampp\htdocs\install-master\modules\system\classes\CombineAssets.php(370): System\Classes\CombineAssets->getCacheKey(Array)
#5 C:\xampp\htdocs\install-master\modules\system\classes\CombineAssets.php(181): System\Classes\CombineAssets->prepareRequest(Array, 'C:\\xampp\\htdocs...')
#6 C:\xampp\htdocs\install-master\modules\cms\classes\Controller.php(1214): System\Classes\CombineAssets::combine(Array, 'C:\\xampp\\htdocs...')
#7 C:\xampp\htdocs\install-master\modules\cms\twig\Extension.php(172): Cms\Classes\Controller->themeUrl(Array)
#8 C:\xampp\htdocs\install-master\storage\cms\twig\eb\ebf1bbb4ea8d9a1477d5acf9cec296e5f45d907f4877c3a5279940937ad5b892.php(51): Cms\Twig\Extension->themeFilter(Array)
#9 C:\xampp\htdocs\install-master\vendor\twig\twig\lib\Twig\Template.php(390): __TwigTemplate_1cd465b6c20b5762b90c49d6b56c41674e2a3686fe5a2a966cf79948fca84a3e->doDisplay(Array, Array)
#10 C:\xampp\htdocs\install-master\vendor\twig\twig\lib\Twig\Template.php(367): Twig_Template->displayWithErrorHandling(Array, Array)
#11 C:\xampp\htdocs\install-master\vendor\twig\twig\lib\Twig\Template.php(375): Twig_Template->display(Array)
#12 C:\xampp\htdocs\install-master\modules\cms\classes\Controller.php(370): Twig_Template->render(Array)
#13 C:\xampp\htdocs\install-master\modules\cms\classes\Controller.php(206): Cms\Classes\Controller->runPage(Object(Cms\Classes\Page))
#14 C:\xampp\htdocs\install-master\modules\cms\classes\CmsController.php(50): Cms\Classes\Controller->run('/')
#15 [internal function]: Cms\Classes\CmsController->run('/')
#16 C:\xampp\htdocs\install-master\vendor\laravel\framework\src\Illuminate\Routing\Controller.php(54): call_user_func_array(Array, Array)
#17 C:\xampp\htdocs\install-master\vendor\laravel\framework\src\Illuminate\Routing\ControllerDispatcher.php(45): Illuminate\Routing\Controller->callAction('run', Array)
#18 C:\xampp\htdocs\install-master\vendor\laravel\framework\src\Illuminate\Routing\Route.php(212): Illuminate\Routing\ControllerDispatcher->dispatch(Object(Illuminate\Routing\Route), Object(Cms\Classes\CmsController), 'run')
#19 C:\xampp\htdocs\install-master\vendor\laravel\framework\src\Illuminate\Routing\Route.php(169): Illuminate\Routing\Route->runController()
#20 C:\xampp\htdocs\install-master\vendor\laravel\framework\src\Illuminate\Routing\Router.php(658): Illuminate\Routing\Route->run()
#21 C:\xampp\htdocs\install-master\vendor\laravel\framework\src\Illuminate\Routing\Pipeline.php(30): Illuminate\Routing\Router->Illuminate\Routing\{closure}(Object(Illuminate\Http\Request))
#22 C:\xampp\htdocs\install-master\vendor\laravel\framework\src\Illuminate\Routing\Middleware\SubstituteBindings.php(41): Illuminate\Routing\Pipeline->Illuminate\Routing\{closure}(Object(Illuminate\Http\Request))
#23 C:\xampp\htdocs\install-master\vendor\laravel\framework\src\Illuminate\Pipeline\Pipeline.php(149): Illuminate\Routing\Middleware\SubstituteBindings->handle(Object(Illuminate\Http\Request), Object(Closure))
#24 C:\xampp\htdocs\install-master\vendor\laravel\framework\src\Illuminate\Routing\Pipeline.php(53): Illuminate\Pipeline\Pipeline->Illuminate\Pipeline\{closure}(Object(Illuminate\Http\Request))
#25 C:\xampp\htdocs\install-master\vendor\laravel\framework\src\Illuminate\View\Middleware\ShareErrorsFromSession.php(49): Illuminate\Routing\Pipeline->Illuminate\Routing\{closure}(Object(Illuminate\Http\Request))
#26 C:\xampp\htdocs\install-master\vendor\laravel\framework\src\Illuminate\Pipeline\Pipeline.php(149): Illuminate\View\Middleware\ShareErrorsFromSession->handle(Object(Illuminate\Http\Request), Object(Closure))
#27 C:\xampp\htdocs\install-master\vendor\laravel\framework\src\Illuminate\Routing\Pipeline.php(53): Illuminate\Pipeline\Pipeline->Illuminate\Pipeline\{closure}(Object(Illuminate\Http\Request))
#28 C:\xampp\htdocs\install-master\vendor\laravel\framework\src\Illuminate\Session\Middleware\StartSession.php(63): Illuminate\Routing\Pipeline->Illuminate\Routing\{closure}(Object(Illuminate\Http\Request))
#29 C:\xampp\htdocs\install-master\vendor\laravel\framework\src\Illuminate\Pipeline\Pipeline.php(149): Illuminate\Session\Middleware\StartSession->handle(Object(Illuminate\Http\Request), Object(Closure))
#30 C:\xampp\htdocs\install-master\vendor\laravel\framework\src\Illuminate\Routing\Pipeline.php(53): Illuminate\Pipeline\Pipeline->Illuminate\Pipeline\{closure}(Object(Illuminate\Http\Request))
#31 C:\xampp\htdocs\install-master\vendor\laravel\framework\src\Illuminate\Cookie\Middleware\AddQueuedCookiesToResponse.php(37): Illuminate\Routing\Pipeline->Illuminate\Routing\{closure}(Object(Illuminate\Http\Request))
#32 C:\xampp\htdocs\install-master\vendor\laravel\framework\src\Illuminate\Pipeline\Pipeline.php(149): Illuminate\Cookie\Middleware\AddQueuedCookiesToResponse->handle(Object(Illuminate\Http\Request), Object(Closure))
#33 C:\xampp\htdocs\install-master\vendor\laravel\framework\src\Illuminate\Routing\Pipeline.php(53): Illuminate\Pipeline\Pipeline->Illuminate\Pipeline\{closure}(Object(Illuminate\Http\Request))
#34 C:\xampp\htdocs\install-master\vendor\laravel\framework\src\Illuminate\Cookie\Middleware\EncryptCookies.php(66): Illuminate\Routing\Pipeline->Illuminate\Routing\{closure}(Object(Illuminate\Http\Request))
#35 C:\xampp\htdocs\install-master\vendor\laravel\framework\src\Illuminate\Pipeline\Pipeline.php(149): Illuminate\Cookie\Middleware\EncryptCookies->handle(Object(Illuminate\Http\Request), Object(Closure))
#36 C:\xampp\htdocs\install-master\vendor\laravel\framework\src\Illuminate\Routing\Pipeline.php(53): Illuminate\Pipeline\Pipeline->Illuminate\Pipeline\{closure}(Object(Illuminate\Http\Request))
#37 C:\xampp\htdocs\install-master\vendor\laravel\framework\src\Illuminate\Pipeline\Pipeline.php(102): Illuminate\Routing\Pipeline->Illuminate\Routing\{closure}(Object(Illuminate\Http\Request))
#38 C:\xampp\htdocs\install-master\vendor\laravel\framework\src\Illuminate\Routing\Router.php(660): Illuminate\Pipeline\Pipeline->then(Object(Closure))
#39 C:\xampp\htdocs\install-master\vendor\laravel\framework\src\Illuminate\Routing\Router.php(635): Illuminate\Routing\Router->runRouteWithinStack(Object(Illuminate\Routing\Route), Object(Illuminate\Http\Request))
#40 C:\xampp\htdocs\install-master\vendor\laravel\framework\src\Illuminate\Routing\Router.php(601): Illuminate\Routing\Router->runRoute(Object(Illuminate\Http\Request), Object(Illuminate\Routing\Route))
#41 C:\xampp\htdocs\install-master\vendor\october\rain\src\Router\CoreRouter.php(20): Illuminate\Routing\Router->dispatchToRoute(Object(Illuminate\Http\Request))
#42 C:\xampp\htdocs\install-master\vendor\laravel\framework\src\Illuminate\Foundation\Http\Kernel.php(176): October\Rain\Router\CoreRouter->dispatch(Object(Illuminate\Http\Request))
#43 C:\xampp\htdocs\install-master\vendor\laravel\framework\src\Illuminate\Routing\Pipeline.php(30): Illuminate\Foundation\Http\Kernel->Illuminate\Foundation\Http\{closure}(Object(Illuminate\Http\Request))
#44 C:\xampp\htdocs\install-master\vendor\laravel\framework\src\Illuminate\Foundation\Http\Middleware\CheckForMaintenanceMode.php(46): Illuminate\Routing\Pipeline->Illuminate\Routing\{closure}(Object(Illuminate\Http\Request))
#45 C:\xampp\htdocs\install-master\vendor\laravel\framework\src\Illuminate\Pipeline\Pipeline.php(149): Illuminate\Foundation\Http\Middleware\CheckForMaintenanceMode->handle(Object(Illuminate\Http\Request), Object(Closure))
#46 C:\xampp\htdocs\install-master\vendor\laravel\framework\src\Illuminate\Routing\Pipeline.php(53): Illuminate\Pipeline\Pipeline->Illuminate\Pipeline\{closure}(Object(Illuminate\Http\Request))
#47 C:\xampp\htdocs\install-master\vendor\laravel\framework\src\Illuminate\Pipeline\Pipeline.php(102): Illuminate\Routing\Pipeline->Illuminate\Routing\{closure}(Object(Illuminate\Http\Request))
#48 C:\xampp\htdocs\install-master\vendor\laravel\framework\src\Illuminate\Foundation\Http\Kernel.php(151): Illuminate\Pipeline\Pipeline->then(Object(Closure))
#49 C:\xampp\htdocs\install-master\vendor\laravel\framework\src\Illuminate\Foundation\Http\Kernel.php(116): Illuminate\Foundation\Http\Kernel->sendRequestThroughRouter(Object(Illuminate\Http\Request))
#50 C:\xampp\htdocs\install-master\index.php(43): Illuminate\Foundation\Http\Kernel->handle(Object(Illuminate\Http\Request))
#51 {main}

Next Twig_Error_Runtime: An exception has been thrown during the rendering of a template ("file_get_contents(C:\xampp\htdocs\install-master/themes/rainlab-vanilla/assets/less/theme.less): failed to open stream: No such file or directory") in "C:\xampp\htdocs\install-master/themes/rainlab-vanilla/layouts/default.htm" at line 12. in C:\xampp\htdocs\install-master\vendor\twig\twig\lib\Twig\Template.php:405
Stack trace:
#0 C:\xampp\htdocs\install-master\vendor\twig\twig\lib\Twig\Template.php(367): Twig_Template->displayWithErrorHandling(Array, Array)
#1 C:\xampp\htdocs\install-master\vendor\twig\twig\lib\Twig\Template.php(375): Twig_Template->display(Array)
#2 C:\xampp\htdocs\install-master\modules\cms\classes\Controller.php(370): Twig_Template->render(Array)
#3 C:\xampp\htdocs\install-master\modules\cms\classes\Controller.php(206): Cms\Classes\Controller->runPage(Object(Cms\Classes\Page))
#4 C:\xampp\htdocs\install-master\modules\cms\classes\CmsController.php(50): Cms\Classes\Controller->run('/')
#5 [internal function]: Cms\Classes\CmsController->run('/')
#6 C:\xampp\htdocs\install-master\vendor\laravel\framework\src\Illuminate\Routing\Controller.php(54): call_user_func_array(Array, Array)
#7 C:\xampp\htdocs\install-master\vendor\laravel\framework\src\Illuminate\Routing\ControllerDispatcher.php(45): Illuminate\Routing\Controller->callAction('run', Array)
#8 C:\xampp\htdocs\install-master\vendor\laravel\framework\src\Illuminate\Routing\Route.php(212): Illuminate\Routing\ControllerDispatcher->dispatch(Object(Illuminate\Routing\Route), Object(Cms\Classes\CmsController), 'run')
#9 C:\xampp\htdocs\install-master\vendor\laravel\framework\src\Illuminate\Routing\Route.php(169): Illuminate\Routing\Route->runController()
#10 C:\xampp\htdocs\install-master\vendor\laravel\framework\src\Illuminate\Routing\Router.php(658): Illuminate\Routing\Route->run()
#11 C:\xampp\htdocs\install-master\vendor\laravel\framework\src\Illuminate\Routing\Pipeline.php(30): Illuminate\Routing\Router->Illuminate\Routing\{closure}(Object(Illuminate\Http\Request))
#12 C:\xampp\htdocs\install-master\vendor\laravel\framework\src\Illuminate\Routing\Middleware\SubstituteBindings.php(41): Illuminate\Routing\Pipeline->Illuminate\Routing\{closure}(Object(Illuminate\Http\Request))
#13 C:\xampp\htdocs\install-master\vendor\laravel\framework\src\Illuminate\Pipeline\Pipeline.php(149): Illuminate\Routing\Middleware\SubstituteBindings->handle(Object(Illuminate\Http\Request), Object(Closure))
#14 C:\xampp\htdocs\install-master\vendor\laravel\framework\src\Illuminate\Routing\Pipeline.php(53): Illuminate\Pipeline\Pipeline->Illuminate\Pipeline\{closure}(Object(Illuminate\Http\Request))
#15 C:\xampp\htdocs\install-master\vendor\laravel\framework\src\Illuminate\View\Middleware\ShareErrorsFromSession.php(49): Illuminate\Routing\Pipeline->Illuminate\Routing\{closure}(Object(Illuminate\Http\Request))
#16 C:\xampp\htdocs\install-master\vendor\laravel\framework\src\Illuminate\Pipeline\Pipeline.php(149): Illuminate\View\Middleware\ShareErrorsFromSession->handle(Object(Illuminate\Http\Request), Object(Closure))
#17 C:\xampp\htdocs\install-master\vendor\laravel\framework\src\Illuminate\Routing\Pipeline.php(53): Illuminate\Pipeline\Pipeline->Illuminate\Pipeline\{closure}(Object(Illuminate\Http\Request))
#18 C:\xampp\htdocs\install-master\vendor\laravel\framework\src\Illuminate\Session\Middleware\StartSession.php(63): Illuminate\Routing\Pipeline->Illuminate\Routing\{closure}(Object(Illuminate\Http\Request))
#19 C:\xampp\htdocs\install-master\vendor\laravel\framework\src\Illuminate\Pipeline\Pipeline.php(149): Illuminate\Session\Middleware\StartSession->handle(Object(Illuminate\Http\Request), Object(Closure))
#20 C:\xampp\htdocs\install-master\vendor\laravel\framework\src\Illuminate\Routing\Pipeline.php(53): Illuminate\Pipeline\Pipeline->Illuminate\Pipeline\{closure}(Object(Illuminate\Http\Request))
#21 C:\xampp\htdocs\install-master\vendor\laravel\framework\src\Illuminate\Cookie\Middleware\AddQueuedCookiesToResponse.php(37): Illuminate\Routing\Pipeline->Illuminate\Routing\{closure}(Object(Illuminate\Http\Request))
#22 C:\xampp\htdocs\install-master\vendor\laravel\framework\src\Illuminate\Pipeline\Pipeline.php(149): Illuminate\Cookie\Middleware\AddQueuedCookiesToResponse->handle(Object(Illuminate\Http\Request), Object(Closure))
#23 C:\xampp\htdocs\install-master\vendor\laravel\framework\src\Illuminate\Routing\Pipeline.php(53): Illuminate\Pipeline\Pipeline->Illuminate\Pipeline\{closure}(Object(Illuminate\Http\Request))
#24 C:\xampp\htdocs\install-master\vendor\laravel\framework\src\Illuminate\Cookie\Middleware\EncryptCookies.php(66): Illuminate\Routing\Pipeline->Illuminate\Routing\{closure}(Object(Illuminate\Http\Request))
#25 C:\xampp\htdocs\install-master\vendor\laravel\framework\src\Illuminate\Pipeline\Pipeline.php(149): Illuminate\Cookie\Middleware\EncryptCookies->handle(Object(Illuminate\Http\Request), Object(Closure))
#26 C:\xampp\htdocs\install-master\vendor\laravel\framework\src\Illuminate\Routing\Pipeline.php(53): Illuminate\Pipeline\Pipeline->Illuminate\Pipeline\{closure}(Object(Illuminate\Http\Request))
#27 C:\xampp\htdocs\install-master\vendor\laravel\framework\src\Illuminate\Pipeline\Pipeline.php(102): Illuminate\Routing\Pipeline->Illuminate\Routing\{closure}(Object(Illuminate\Http\Request))
#28 C:\xampp\htdocs\install-master\vendor\laravel\framework\src\Illuminate\Routing\Router.php(660): Illuminate\Pipeline\Pipeline->then(Object(Closure))
#29 C:\xampp\htdocs\install-master\vendor\laravel\framework\src\Illuminate\Routing\Router.php(635): Illuminate\Routing\Router->runRouteWithinStack(Object(Illuminate\Routing\Route), Object(Illuminate\Http\Request))
#30 C:\xampp\htdocs\install-master\vendor\laravel\framework\src\Illuminate\Routing\Router.php(601): Illuminate\Routing\Router->runRoute(Object(Illuminate\Http\Request), Object(Illuminate\Routing\Route))
#31 C:\xampp\htdocs\install-master\vendor\october\rain\src\Router\CoreRouter.php(20): Illuminate\Routing\Router->dispatchToRoute(Object(Illuminate\Http\Request))
#32 C:\xampp\htdocs\install-master\vendor\laravel\framework\src\Illuminate\Foundation\Http\Kernel.php(176): October\Rain\Router\CoreRouter->dispatch(Object(Illuminate\Http\Request))
#33 C:\xampp\htdocs\install-master\vendor\laravel\framework\src\Illuminate\Routing\Pipeline.php(30): Illuminate\Foundation\Http\Kernel->Illuminate\Foundation\Http\{closure}(Object(Illuminate\Http\Request))
#34 C:\xampp\htdocs\install-master\vendor\laravel\framework\src\Illuminate\Foundation\Http\Middleware\CheckForMaintenanceMode.php(46): Illuminate\Routing\Pipeline->Illuminate\Routing\{closure}(Object(Illuminate\Http\Request))
#35 C:\xampp\htdocs\install-master\vendor\laravel\framework\src\Illuminate\Pipeline\Pipeline.php(149): Illuminate\Foundation\Http\Middleware\CheckForMaintenanceMode->handle(Object(Illuminate\Http\Request), Object(Closure))
#36 C:\xampp\htdocs\install-master\vendor\laravel\framework\src\Illuminate\Routing\Pipeline.php(53): Illuminate\Pipeline\Pipeline->Illuminate\Pipeline\{closure}(Object(Illuminate\Http\Request))
#37 C:\xampp\htdocs\install-master\vendor\laravel\framework\src\Illuminate\Pipeline\Pipeline.php(102): Illuminate\Routing\Pipeline->Illuminate\Routing\{closure}(Object(Illuminate\Http\Request))
#38 C:\xampp\htdocs\install-master\vendor\laravel\framework\src\Illuminate\Foundation\Http\Kernel.php(151): Illuminate\Pipeline\Pipeline->then(Object(Closure))
#39 C:\xampp\htdocs\install-master\vendor\laravel\framework\src\Illuminate\Foundation\Http\Kernel.php(116): Illuminate\Foundation\Http\Kernel->sendRequestThroughRouter(Object(Illuminate\Http\Request))
#40 C:\xampp\htdocs\install-master\index.php(43): Illuminate\Foundation\Http\Kernel->handle(Object(Illuminate\Http\Request))
#41 {main}  
