.====================================================================.
                                                                      
 .d8888b.   .o8888b.   db  .d8888b.  d8888b. d88888b d8888b.  .d888b. 
.8P    Y8. d8P    Y8   88 .8P    Y8. 88  `8D 88'     88  `8D .8P , Y8.
88      88 8P      oooo88 88      88 88oooY' 88oooo  88oobY' 88  |  88
88      88 8b      ~~~~88 88      88 88~~~b. 88~~~~  88`8b   88  |/ 88
`8b    d8' Y8b    d8   88 `8b    d8' 88   8D 88.     88 `88. `8b | d8'
 `Y8888P'   `Y8888P'   YP  `Y8888P'  Y8888P' Y88888P 88   YD  `Y888P' 
                                                                      
`========================== INSTALLATION LOG ========================'

[2018/10/29 04:14:05] Host: Windows NT FAMILIA-CASA 10.0 build 17134 (Windows 10) i586
[2018/10/29 04:14:05] PHP version: 7.2.0
[2018/10/29 04:14:05] Server software: Apache/2.4.29 (Win32) OpenSSL/1.1.0g PHP/7.2.0
[2018/10/29 04:14:05] Operating system: WINNT
[2018/10/29 04:14:05] Memory limit: 128M
[2018/10/29 04:14:05] Max execution time: 3600
.============================ POST REQUEST ==========================.
[2018/10/29 04:14:05] Postback payload: Array
(
    [code] => phpVersion
    [handler] => onCheckRequirement
)

[2018/10/29 04:14:05] System check: phpVersion
[2018/10/29 04:14:05] Requirement phpVersion +OK
[2018/10/29 04:14:05] Execute handler (onCheckRequirement): Array
(
    [result] => 1
)

.============================ POST REQUEST ==========================.
[2018/10/29 04:14:06] Postback payload: Array
(
    [code] => curlLibrary
    [handler] => onCheckRequirement
)

[2018/10/29 04:14:06] System check: curlLibrary
[2018/10/29 04:14:06] Requirement curlLibrary +OK
[2018/10/29 04:14:06] Execute handler (onCheckRequirement): Array
(
    [result] => 1
)

.============================ POST REQUEST ==========================.
[2018/10/29 04:14:06] Postback payload: Array
(
    [code] => liveConnection
    [handler] => onCheckRequirement
)

[2018/10/29 04:14:06] System check: liveConnection
[2018/10/29 04:14:07] Server request: ping
[2018/10/29 04:14:07] Request information: Array
(
    [url] => http://octobercms.com/api/ping
    [content_type] => application/json
    [http_code] => 200
    [header_size] => 361
    [request_size] => 181
    [filetime] => -1
    [ssl_verify_result] => 0
    [redirect_count] => 0
    [total_time] => 0.5
    [namelookup_time] => 0.015
    [connect_time] => 0.156
    [pretransfer_time] => 0.156
    [size_upload] => 50
    [size_download] => 12
    [speed_download] => 12
    [speed_upload] => 50
    [download_content_length] => 12
    [upload_content_length] => 50
    [starttransfer_time] => 0.5
    [redirect_time] => 0
    [redirect_url] => 
    [primary_ip] => 104.24.112.12
    [certinfo] => Array
        (
        )

    [primary_port] => 80
    [local_ip] => 10.21.103.66
    [local_port] => 60317
)

[2018/10/29 04:14:07] Requirement liveConnection +OK
[2018/10/29 04:14:07] Execute handler (onCheckRequirement): Array
(
    [result] => 1
)

.============================ POST REQUEST ==========================.
[2018/10/29 04:14:07] Postback payload: Array
(
    [code] => writePermission
    [handler] => onCheckRequirement
)

[2018/10/29 04:14:07] System check: writePermission
[2018/10/29 04:14:07] Requirement writePermission +OK
[2018/10/29 04:14:07] Execute handler (onCheckRequirement): Array
(
    [result] => 1
)

.============================ POST REQUEST ==========================.
[2018/10/29 04:14:08] Postback payload: Array
(
    [code] => pdoLibrary
    [handler] => onCheckRequirement
)

[2018/10/29 04:14:08] System check: pdoLibrary
[2018/10/29 04:14:08] Requirement pdoLibrary +OK
[2018/10/29 04:14:08] Execute handler (onCheckRequirement): Array
(
    [result] => 1
)

.============================ POST REQUEST ==========================.
[2018/10/29 04:14:08] Postback payload: Array
(
    [code] => mbstringLibrary
    [handler] => onCheckRequirement
)

[2018/10/29 04:14:08] System check: mbstringLibrary
[2018/10/29 04:14:08] Requirement mbstringLibrary +OK
[2018/10/29 04:14:08] Execute handler (onCheckRequirement): Array
(
    [result] => 1
)

.============================ POST REQUEST ==========================.
[2018/10/29 04:14:09] Postback payload: Array
(
    [code] => fileinfoLibrary
    [handler] => onCheckRequirement
)

[2018/10/29 04:14:09] System check: fileinfoLibrary
[2018/10/29 04:14:09] Requirement fileinfoLibrary +OK
[2018/10/29 04:14:09] Execute handler (onCheckRequirement): Array
(
    [result] => 1
)

.============================ POST REQUEST ==========================.
[2018/10/29 04:14:09] Postback payload: Array
(
    [code] => sslLibrary
    [handler] => onCheckRequirement
)

[2018/10/29 04:14:09] System check: sslLibrary
[2018/10/29 04:14:09] Requirement sslLibrary +OK
[2018/10/29 04:14:09] Execute handler (onCheckRequirement): Array
(
    [result] => 1
)

.============================ POST REQUEST ==========================.
[2018/10/29 04:14:10] Postback payload: Array
(
    [code] => zipLibrary
    [handler] => onCheckRequirement
)

[2018/10/29 04:14:10] System check: zipLibrary
[2018/10/29 04:14:10] Requirement zipLibrary +OK
[2018/10/29 04:14:10] Execute handler (onCheckRequirement): Array
(
    [result] => 1
)

.============================ POST REQUEST ==========================.
[2018/10/29 04:14:10] Postback payload: Array
(
    [code] => gdLibrary
    [handler] => onCheckRequirement
)

[2018/10/29 04:14:10] System check: gdLibrary
[2018/10/29 04:14:10] Requirement gdLibrary +OK
[2018/10/29 04:14:10] Execute handler (onCheckRequirement): Array
(
    [result] => 1
)

.============================ POST REQUEST ==========================.
[2018/10/29 04:15:31] Postback payload: Array
(
    [db_type] => mysql
    [db_host] => localhost
    [db_port] => 
    [db_name] => 
    [db_user] => root
    [db_pass] => *******
    [admin_first_name] => Admin
    [admin_last_name] => Person
    [admin_email] => *******@*****.com
    [admin_login] => admin
    [admin_password] => *******
    [admin_confirm_password] => *******
    [backend_uri] => /backend
    [encryption_code] => *******
    [file_mask] => 777
    [folder_mask] => 777
    [handler] => onValidateDatabase
)

[2018/10/29 04:15:31] Handler error (onValidateDatabase): Please specify the database name
[2018/10/29 04:15:31] Trace log:
#0 C:\xampp\htdocs\install-master\install_files\php\Installer.php(48): Installer->onValidateDatabase()
#1 C:\xampp\htdocs\install-master\install_files\php\boot.php(91): Installer->__construct()
#2 C:\xampp\htdocs\install-master\install.php(1): include('C:\\xampp\\htdocs...')
#3 {main}
.============================ POST REQUEST ==========================.
[2018/10/29 04:16:42] Postback payload: Array
(
    [db_type] => mysql
    [db_host] => localhost
    [db_port] => 
    [db_name] => october1
    [db_user] => root
    [db_pass] => *******
    [admin_first_name] => Admin
    [admin_last_name] => Person
    [admin_email] => *******@*****.com
    [admin_login] => admin
    [admin_password] => *******
    [admin_confirm_password] => *******
    [backend_uri] => /backend
    [encryption_code] => *******
    [file_mask] => 777
    [folder_mask] => 777
    [handler] => onValidateDatabase
)

.============================ POST REQUEST ==========================.
[2018/10/29 04:16:42] Postback payload: Array
(
    [db_type] => mysql
    [db_host] => localhost
    [db_port] => 
    [db_name] => october1
    [db_user] => root
    [db_pass] => *******
    [admin_first_name] => Admin
    [admin_last_name] => Person
    [admin_email] => *******@*****.com
    [admin_login] => admin
    [admin_password] => *******
    [admin_confirm_password] => *******
    [backend_uri] => /backend
    [encryption_code] => *******
    [file_mask] => 777
    [folder_mask] => 777
    [handler] => onValidateAdminAccount
)

.============================ POST REQUEST ==========================.
[2018/10/29 04:16:42] Postback payload: Array
(
    [db_type] => mysql
    [db_host] => localhost
    [db_port] => 
    [db_name] => october1
    [db_user] => root
    [db_pass] => *******
    [admin_first_name] => Admin
    [admin_last_name] => Person
    [admin_email] => *******@*****.com
    [admin_login] => admin
    [admin_password] => *******
    [admin_confirm_password] => *******
    [backend_uri] => /backend
    [encryption_code] => *******
    [file_mask] => 777
    [folder_mask] => 777
    [handler] => onValidateAdvancedConfig
)

.============================ POST REQUEST ==========================.
[2018/10/29 04:17:01] Postback payload: Array
(
    [handler] => onGetPopularThemes
)

[2018/10/29 04:17:02] Server request: theme/popular
[2018/10/29 04:17:02] Request information: Array
(
    [url] => http://octobercms.com/api/theme/popular
    [content_type] => application/json
    [http_code] => 200
    [header_size] => 363
    [request_size] => 190
    [filetime] => -1
    [ssl_verify_result] => 0
    [redirect_count] => 0
    [total_time] => 0.531
    [namelookup_time] => 0.016
    [connect_time] => 0.156
    [pretransfer_time] => 0.156
    [size_upload] => 50
    [size_download] => 3875
    [speed_download] => 3875
    [speed_upload] => 50
    [download_content_length] => 3875
    [upload_content_length] => 50
    [starttransfer_time] => 0.516
    [redirect_time] => 0
    [redirect_url] => 
    [primary_ip] => 104.24.112.12
    [certinfo] => Array
        (
        )

    [primary_port] => 80
    [local_ip] => 10.21.103.66
    [local_port] => 60357
)

[2018/10/29 04:17:02] Execute handler (onGetPopularThemes): Array
(
    [0] => Array
        (
            [name] => Clean Blog
            [description] => Clean blogger theme.
            [code] => Responsiv.Clean
            [updated_at] => 2017-04-03 19:39:38
            [image] => //octobercms.com/storage/app/uploads/public/58e/304/7a4/thumb_6978_210_140_0_0_crop.png
            [author] => Responsiv Internet
            [hash] => 07e5b7066168a94349ac92018770c2e8
            [demo_url] => http://daftspunk.com/
            [product_url] => http://octobercms.com/theme/responsiv-clean
        )

    [1] => Array
        (
            [name] => New Age
            [description] => Landing page for mobile apps
            [code] => VojtaSvoboda.newage
            [updated_at] => 2016-10-20 17:20:43
            [image] => //octobercms.com/storage/app/uploads/public/580/7eb/dc9/thumb_5770_210_140_0_0_crop.png
            [author] => Vojta Svoboda
            [hash] => 09d9e47e64a2ed47dc35146a792008c2
            [demo_url] => https://blackrockdigital.github.io/startbootstrap-new-age/
            [product_url] => http://octobercms.com/theme/vojtasvoboda-newage
        )

    [2] => Array
        (
            [name] => Stellar
            [description] => a clean, responsive one page and blog theme
            [code] => Zwiebl.zwiebl_stellar
            [updated_at] => 2016-09-27 16:56:35
            [image] => //octobercms.com/storage/app/uploads/public/57e/bb4/fe9/thumb_5641_210_140_0_0_crop.png
            [author] => Alpen.Space
            [hash] => 19345446d87ad08e6937503019a43fd9
            [demo_url] => https://demo-stellar.alpen.space/
            [product_url] => http://octobercms.com/theme/zwiebl-zwiebl-stellar
        )

    [3] => Array
        (
            [name] => Blank Bootstrap 4
            [description] => A blank Bootstrap 4 template
            [code] => Hambern.hambern-blank-bootstrap-4
            [updated_at] => 2016-08-23 17:57:44
            [image] => //octobercms.com/storage/app/uploads/public/57b/9ba/c48/thumb_5365_210_140_0_0_crop.png
            [author] => Mattias Hamberg
            [hash] => 9a6762de633774de2cebf69a88f290d1
            [demo_url] => 
            [product_url] => http://octobercms.com/theme/hambern-hambern-blank-bootstrap-4
        )

    [4] => Array
        (
            [name] => Bonjour
            [description] => A sample multi-lingual theme for translated content.
            [code] => RainLab.Bonjour
            [updated_at] => 2016-07-03 21:05:29
            [image] => //octobercms.com/storage/app/uploads/public/577/9df/850/thumb_4911_210_140_0_0_crop.png
            [author] => RainLab
            [hash] => f1084f81e0e1c5c8d22317794292deb3
            [demo_url] => 
            [product_url] => http://octobercms.com/theme/rainlab-bonjour
        )

    [5] => Array
        (
            [name] => Viola
            [description] => One Page Theme based on Bootstrap 4 with different color schemes, scss files included
            [code] => JumpLink.Viola
            [updated_at] => 2016-07-11 09:55:39
            [image] => //octobercms.com/storage/app/uploads/public/574/6af/435/thumb_4705_210_140_0_0_crop.png
            [author] => JumpLink
            [hash] => fe09a3915724fcc241e0e5914c8ea346
            [demo_url] => http://healthyteeth.jumplink.eu/
            [product_url] => http://octobercms.com/theme/jumplink-viola
        )

    [6] => Array
        (
            [name] => Relax
            [description] => A fictional site called House of Chairs that demonstrates how to build a client-friendly website.
            [code] => RainLab.Relax
            [updated_at] => 2015-07-01 19:16:08
            [image] => //octobercms.com/storage/app/uploads/public/559/49e/2da/thumb_2585_210_140_0_0_crop.png
            [author] => RainLab
            [hash] => a35c64b09ad6347b8a226291e5b8fd75
            [demo_url] => 
            [product_url] => http://octobercms.com/theme/rainlab-relax
        )

    [7] => Array
        (
            [name] => Vanilla
            [description] => A plain starter template that implements account management, a blog and community forum.
            [code] => RainLab.Vanilla
            [updated_at] => 2015-04-14 16:37:36
            [image] => //octobercms.com/storage/app/uploads/public/552/da4/0f8/thumb_2106_210_140_0_0_crop.png
            [author] => RainLab
            [hash] => 4b893d1c085a298e9b9b1d13635a675f
            [demo_url] => 
            [product_url] => http://octobercms.com/theme/rainlab-vanilla
        )

    [8] => Array
        (
            [name] => Flat UI
            [description] => A theme that uses a Flat user-interface and has no dependencies on others plugins.
            [code] => Responsiv.Flat
            [updated_at] => 2014-07-23 21:32:51
            [image] => //octobercms.com/storage/app/uploads/public/53d/084/fbc/thumb_543_210_140_0_0_crop.png
            [author] => Responsiv Internet
            [hash] => 3b3994c2c50d1b0f49a0725d764c12e8
            [demo_url] => 
            [product_url] => http://octobercms.com/theme/responsiv-flat
        )

)

.============================ POST REQUEST ==========================.
[2018/10/29 04:17:15] Postback payload: Array
(
    [name] => RainLab.Vanilla
    [handler] => onThemeDetails
)

[2018/10/29 04:17:16] Server request: theme/detail
[2018/10/29 04:17:16] Request information: Array
(
    [url] => http://octobercms.com/api/theme/detail
    [content_type] => application/json
    [http_code] => 200
    [header_size] => 363
    [request_size] => 210
    [filetime] => -1
    [ssl_verify_result] => 0
    [redirect_count] => 0
    [total_time] => 0.625
    [namelookup_time] => 0.016
    [connect_time] => 0.156
    [pretransfer_time] => 0.156
    [size_upload] => 71
    [size_download] => 1199
    [speed_download] => 1199
    [speed_upload] => 71
    [download_content_length] => 1199
    [upload_content_length] => 71
    [starttransfer_time] => 0.625
    [redirect_time] => 0
    [redirect_url] => 
    [primary_ip] => 104.24.112.12
    [certinfo] => Array
        (
        )

    [primary_port] => 80
    [local_ip] => 10.21.103.66
    [local_port] => 60371
)

[2018/10/29 04:17:16] Execute handler (onThemeDetails): Array
(
    [name] => Vanilla
    [description] => A plain starter template that implements account management, a blog and community forum.
    [code] => RainLab.Vanilla
    [updated_at] => 2015-04-14 16:37:36
    [image] => //octobercms.com/storage/app/uploads/public/552/da4/0f8/thumb_2106_210_140_0_0_crop.png
    [author] => RainLab
    [hash] => 4b893d1c085a298e9b9b1d13635a675f
    [demo_url] => 
    [product_url] => http://octobercms.com/theme/rainlab-vanilla
    [require] => Array
        (
            [0] => Array
                (
                    [name] => User
                    [description] => Front-end user management.
                    [code] => RainLab.User
                    [updated_at] => 2014-05-02 00:49:16
                    [image] => http://placehold.it/64x64
                    [author] => October
                    [hash] => 57b0b68011e2fb5bd8fca8b996732c33
                    [demo_url] => 
                    [product_url] => 
                )

            [1] => Array
                (
                    [name] => Blog
                    [description] => A robust blogging platform.
                    [code] => RainLab.Blog
                    [updated_at] => 2014-05-02 01:17:59
                    [image] => http://placehold.it/64x64
                    [author] => October
                    [hash] => 791f8428613d4d383481462d3d271477
                    [demo_url] => 
                    [product_url] => 
                )

            [2] => Array
                (
                    [name] => Forum
                    [description] => A simple embeddable forum
                    [code] => RainLab.Forum
                    [updated_at] => 2014-05-12 01:56:26
                    [image] => http://placehold.it/64x64
                    [author] => October
                    [hash] => a55ed618f11a9daf9236dda79c245b45
                    [demo_url] => 
                    [product_url] => 
                )

        )

)

.============================ POST REQUEST ==========================.
[2018/10/29 04:17:16] Postback payload: Array
(
    [step] => getMetaData
    [meta] => 
    [plugins] => Array
        (
            [0] => Array
                (
                    [name] => User
                    [description] => Front-end user management.
                    [code] => RainLab.User
                    [updated_at] => 2014-05-02 00:49:16
                    [image] => http://placehold.it/64x64
                    [author] => October
                    [hash] => 57b0b68011e2fb5bd8fca8b996732c33
                    [demo_url] => 
                    [product_url] => 
                )

            [1] => Array
                (
                    [name] => Blog
                    [description] => A robust blogging platform.
                    [code] => RainLab.Blog
                    [updated_at] => 2014-05-02 01:17:59
                    [image] => http://placehold.it/64x64
                    [author] => October
                    [hash] => 791f8428613d4d383481462d3d271477
                    [demo_url] => 
                    [product_url] => 
                )

            [2] => Array
                (
                    [name] => Forum
                    [description] => A simple embeddable forum
                    [code] => RainLab.Forum
                    [updated_at] => 2014-05-12 01:56:26
                    [image] => http://placehold.it/64x64
                    [author] => October
                    [hash] => a55ed618f11a9daf9236dda79c245b45
                    [demo_url] => 
                    [product_url] => 
                )

        )

    [themes] => Array
        (
            [0] => Array
                (
                    [name] => Vanilla
                    [description] => A plain starter template that implements account management, a blog and community forum.
                    [code] => RainLab.Vanilla
                    [updated_at] => 2015-04-14 16:37:36
                    [image] => //octobercms.com/storage/app/uploads/public/552/da4/0f8/thumb_2106_210_140_0_0_crop.png
                    [author] => RainLab
                    [hash] => 4b893d1c085a298e9b9b1d13635a675f
                    [demo_url] => 
                    [product_url] => http://octobercms.com/theme/rainlab-vanilla
                    [require] => Array
                        (
                            [0] => Array
                                (
                                    [name] => User
                                    [description] => Front-end user management.
                                    [code] => RainLab.User
                                    [updated_at] => 2014-05-02 00:49:16
                                    [image] => http://placehold.it/64x64
                                    [author] => October
                                    [hash] => 57b0b68011e2fb5bd8fca8b996732c33
                                    [demo_url] => 
                                    [product_url] => 
                                )

                            [1] => Array
                                (
                                    [name] => Blog
                                    [description] => A robust blogging platform.
                                    [code] => RainLab.Blog
                                    [updated_at] => 2014-05-02 01:17:59
                                    [image] => http://placehold.it/64x64
                                    [author] => October
                                    [hash] => 791f8428613d4d383481462d3d271477
                                    [demo_url] => 
                                    [product_url] => 
                                )

                            [2] => Array
                                (
                                    [name] => Forum
                                    [description] => A simple embeddable forum
                                    [code] => RainLab.Forum
                                    [updated_at] => 2014-05-12 01:56:26
                                    [image] => http://placehold.it/64x64
                                    [author] => October
                                    [hash] => a55ed618f11a9daf9236dda79c245b45
                                    [demo_url] => 
                                    [product_url] => 
                                )

                        )

                )

        )

    [handler] => onInstallStep
)

[2018/10/29 04:17:16] Install step: getMetaData
[2018/10/29 04:17:17] Server request: core/install
[2018/10/29 04:17:17] Request information: Array
(
    [url] => http://octobercms.com/api/core/install
    [content_type] => application/json
    [http_code] => 200
    [header_size] => 362
    [request_size] => 305
    [filetime] => -1
    [ssl_verify_result] => 0
    [redirect_count] => 0
    [total_time] => 0.547
    [namelookup_time] => 1.0E-6
    [connect_time] => 0.141
    [pretransfer_time] => 0.141
    [size_upload] => 165
    [size_download] => 334
    [speed_download] => 334
    [speed_upload] => 165
    [download_content_length] => 334
    [upload_content_length] => 165
    [starttransfer_time] => 0.547
    [redirect_time] => 0
    [redirect_url] => 
    [primary_ip] => 104.24.112.12
    [certinfo] => Array
        (
        )

    [primary_port] => 80
    [local_ip] => 10.21.103.66
    [local_port] => 60372
)

[2018/10/29 04:17:17] Step getMetaData +OK
[2018/10/29 04:17:17] Execute handler (onInstallStep): Array
(
    [result] => Array
        (
            [core] => Array
                (
                    [hash] => f4018fccd269a1ddcedc4a0e0c13d3d9
                    [build] => 443
                    [uhash] => 8dccb2043759b385e46cc3cf6a36c4b4
                )

            [plugins] => Array
                (
                    [RainLab.Blog] => 791f8428613d4d383481462d3d271477
                    [RainLab.Forum] => a55ed618f11a9daf9236dda79c245b45
                    [RainLab.User] => 57b0b68011e2fb5bd8fca8b996732c33
                )

            [themes] => Array
                (
                    [RainLab.Vanilla] => 4b893d1c085a298e9b9b1d13635a675f
                )

        )

)

.============================ POST REQUEST ==========================.
[2018/10/29 04:17:17] Postback payload: Array
(
    [step] => downloadCore
    [meta] => Array
        (
            [core] => Array
                (
                    [hash] => f4018fccd269a1ddcedc4a0e0c13d3d9
                    [build] => 443
                    [uhash] => 8dccb2043759b385e46cc3cf6a36c4b4
                )

            [plugins] => Array
                (
                    [RainLab.Blog] => 791f8428613d4d383481462d3d271477
                    [RainLab.Forum] => a55ed618f11a9daf9236dda79c245b45
                    [RainLab.User] => 57b0b68011e2fb5bd8fca8b996732c33
                )

            [themes] => Array
                (
                    [RainLab.Vanilla] => 4b893d1c085a298e9b9b1d13635a675f
                )

        )

    [handler] => onInstallStep
)

[2018/10/29 04:17:17] Install step: downloadCore
[2018/10/29 04:17:40] Saving to file (core): C:/xampp/htdocs/install-master/install_files/temp/a74ad8dfacd4f985eb3977517615ce25.arc
[2018/10/29 04:17:40] Step downloadCore +OK
[2018/10/29 04:17:40] Execute handler (onInstallStep): Array
(
    [result] => 
)

.============================ POST REQUEST ==========================.
[2018/10/29 04:17:41] Postback payload: Array
(
    [step] => downloadPlugin
    [meta] => Array
        (
            [core] => Array
                (
                    [hash] => f4018fccd269a1ddcedc4a0e0c13d3d9
                    [build] => 443
                    [uhash] => 8dccb2043759b385e46cc3cf6a36c4b4
                )

            [plugins] => Array
                (
                    [RainLab.Blog] => 791f8428613d4d383481462d3d271477
                    [RainLab.Forum] => a55ed618f11a9daf9236dda79c245b45
                    [RainLab.User] => 57b0b68011e2fb5bd8fca8b996732c33
                )

            [themes] => Array
                (
                    [RainLab.Vanilla] => 4b893d1c085a298e9b9b1d13635a675f
                )

        )

    [name] => RainLab.User
    [handler] => onInstallStep
)

[2018/10/29 04:17:41] Install step: downloadPlugin
[2018/10/29 04:17:42] Saving to file (RainLab.User-plugin): C:/xampp/htdocs/install-master/install_files/temp/cb06f7335746d285c7d743325010ffae.arc
[2018/10/29 04:17:42] Step downloadPlugin +OK
[2018/10/29 04:17:42] Execute handler (onInstallStep): Array
(
    [result] => 
)

.============================ POST REQUEST ==========================.
[2018/10/29 04:17:42] Postback payload: Array
(
    [step] => downloadPlugin
    [meta] => Array
        (
            [core] => Array
                (
                    [hash] => f4018fccd269a1ddcedc4a0e0c13d3d9
                    [build] => 443
                    [uhash] => 8dccb2043759b385e46cc3cf6a36c4b4
                )

            [plugins] => Array
                (
                    [RainLab.Blog] => 791f8428613d4d383481462d3d271477
                    [RainLab.Forum] => a55ed618f11a9daf9236dda79c245b45
                    [RainLab.User] => 57b0b68011e2fb5bd8fca8b996732c33
                )

            [themes] => Array
                (
                    [RainLab.Vanilla] => 4b893d1c085a298e9b9b1d13635a675f
                )

        )

    [name] => RainLab.Blog
    [handler] => onInstallStep
)

[2018/10/29 04:17:42] Install step: downloadPlugin
[2018/10/29 04:17:43] Saving to file (RainLab.Blog-plugin): C:/xampp/htdocs/install-master/install_files/temp/33b538b0804bdcfce25684369ded882c.arc
[2018/10/29 04:17:43] Step downloadPlugin +OK
[2018/10/29 04:17:43] Execute handler (onInstallStep): Array
(
    [result] => 
)

.============================ POST REQUEST ==========================.
[2018/10/29 04:17:44] Postback payload: Array
(
    [step] => downloadPlugin
    [meta] => Array
        (
            [core] => Array
                (
                    [hash] => f4018fccd269a1ddcedc4a0e0c13d3d9
                    [build] => 443
                    [uhash] => 8dccb2043759b385e46cc3cf6a36c4b4
                )

            [plugins] => Array
                (
                    [RainLab.Blog] => 791f8428613d4d383481462d3d271477
                    [RainLab.Forum] => a55ed618f11a9daf9236dda79c245b45
                    [RainLab.User] => 57b0b68011e2fb5bd8fca8b996732c33
                )

            [themes] => Array
                (
                    [RainLab.Vanilla] => 4b893d1c085a298e9b9b1d13635a675f
                )

        )

    [name] => RainLab.Forum
    [handler] => onInstallStep
)

[2018/10/29 04:17:44] Install step: downloadPlugin
[2018/10/29 04:17:45] Saving to file (RainLab.Forum-plugin): C:/xampp/htdocs/install-master/install_files/temp/234c122362493b8ee19e78c83d4606aa.arc
[2018/10/29 04:17:45] Step downloadPlugin +OK
[2018/10/29 04:17:45] Execute handler (onInstallStep): Array
(
    [result] => 
)

.============================ POST REQUEST ==========================.
[2018/10/29 04:17:47] Postback payload: Array
(
    [step] => downloadTheme
    [meta] => Array
        (
            [core] => Array
                (
                    [hash] => f4018fccd269a1ddcedc4a0e0c13d3d9
                    [build] => 443
                    [uhash] => 8dccb2043759b385e46cc3cf6a36c4b4
                )

            [plugins] => Array
                (
                    [RainLab.Blog] => 791f8428613d4d383481462d3d271477
                    [RainLab.Forum] => a55ed618f11a9daf9236dda79c245b45
                    [RainLab.User] => 57b0b68011e2fb5bd8fca8b996732c33
                )

            [themes] => Array
                (
                    [RainLab.Vanilla] => 4b893d1c085a298e9b9b1d13635a675f
                )

        )

    [name] => RainLab.Vanilla
    [handler] => onInstallStep
)

[2018/10/29 04:17:47] Install step: downloadTheme
[2018/10/29 04:17:49] Saving to file (RainLab.Vanilla-theme): C:/xampp/htdocs/install-master/install_files/temp/299661570020b0550cc0c623eeff248a.arc
[2018/10/29 04:17:49] Step downloadTheme +OK
[2018/10/29 04:17:49] Execute handler (onInstallStep): Array
(
    [result] => 
)

.============================ POST REQUEST ==========================.
[2018/10/29 04:17:50] Postback payload: Array
(
    [step] => extractCore
    [meta] => Array
        (
            [core] => Array
                (
                    [hash] => f4018fccd269a1ddcedc4a0e0c13d3d9
                    [build] => 443
                    [uhash] => 8dccb2043759b385e46cc3cf6a36c4b4
                )

            [plugins] => Array
                (
                    [RainLab.Blog] => 791f8428613d4d383481462d3d271477
                    [RainLab.Forum] => a55ed618f11a9daf9236dda79c245b45
                    [RainLab.User] => 57b0b68011e2fb5bd8fca8b996732c33
                )

            [themes] => Array
                (
                    [RainLab.Vanilla] => 4b893d1c085a298e9b9b1d13635a675f
                )

        )

    [handler] => onInstallStep
)

[2018/10/29 04:17:50] Install step: extractCore
[2018/10/29 04:17:50] Extracting file (core): a74ad8dfacd4f985eb3977517615ce25.arc
[2018/10/29 04:18:24] Step extractCore +OK
[2018/10/29 04:18:24] Execute handler (onInstallStep): Array
(
    [result] => 1
)

.============================ POST REQUEST ==========================.
[2018/10/29 04:18:24] Postback payload: Array
(
    [step] => extractPlugin
    [meta] => Array
        (
            [core] => Array
                (
                    [hash] => f4018fccd269a1ddcedc4a0e0c13d3d9
                    [build] => 443
                    [uhash] => 8dccb2043759b385e46cc3cf6a36c4b4
                )

            [plugins] => Array
                (
                    [RainLab.Blog] => 791f8428613d4d383481462d3d271477
                    [RainLab.Forum] => a55ed618f11a9daf9236dda79c245b45
                    [RainLab.User] => 57b0b68011e2fb5bd8fca8b996732c33
                )

            [themes] => Array
                (
                    [RainLab.Vanilla] => 4b893d1c085a298e9b9b1d13635a675f
                )

        )

    [name] => RainLab.User
    [handler] => onInstallStep
)

[2018/10/29 04:18:24] Install step: extractPlugin
[2018/10/29 04:18:24] Extracting file (RainLab.User-plugin): cb06f7335746d285c7d743325010ffae.arc
[2018/10/29 04:18:25] Step extractPlugin +OK
[2018/10/29 04:18:25] Execute handler (onInstallStep): Array
(
    [result] => 1
)

.============================ POST REQUEST ==========================.
[2018/10/29 04:18:25] Postback payload: Array
(
    [step] => extractPlugin
    [meta] => Array
        (
            [core] => Array
                (
                    [hash] => f4018fccd269a1ddcedc4a0e0c13d3d9
                    [build] => 443
                    [uhash] => 8dccb2043759b385e46cc3cf6a36c4b4
                )

            [plugins] => Array
                (
                    [RainLab.Blog] => 791f8428613d4d383481462d3d271477
                    [RainLab.Forum] => a55ed618f11a9daf9236dda79c245b45
                    [RainLab.User] => 57b0b68011e2fb5bd8fca8b996732c33
                )

            [themes] => Array
                (
                    [RainLab.Vanilla] => 4b893d1c085a298e9b9b1d13635a675f
                )

        )

    [name] => RainLab.Blog
    [handler] => onInstallStep
)

[2018/10/29 04:18:25] Install step: extractPlugin
[2018/10/29 04:18:25] Extracting file (RainLab.Blog-plugin): 33b538b0804bdcfce25684369ded882c.arc
[2018/10/29 04:18:26] Step extractPlugin +OK
[2018/10/29 04:18:26] Execute handler (onInstallStep): Array
(
    [result] => 1
)

.============================ POST REQUEST ==========================.
[2018/10/29 04:18:26] Postback payload: Array
(
    [step] => extractPlugin
    [meta] => Array
        (
            [core] => Array
                (
                    [hash] => f4018fccd269a1ddcedc4a0e0c13d3d9
                    [build] => 443
                    [uhash] => 8dccb2043759b385e46cc3cf6a36c4b4
                )

            [plugins] => Array
                (
                    [RainLab.Blog] => 791f8428613d4d383481462d3d271477
                    [RainLab.Forum] => a55ed618f11a9daf9236dda79c245b45
                    [RainLab.User] => 57b0b68011e2fb5bd8fca8b996732c33
                )

            [themes] => Array
                (
                    [RainLab.Vanilla] => 4b893d1c085a298e9b9b1d13635a675f
                )

        )

    [name] => RainLab.Forum
    [handler] => onInstallStep
)

[2018/10/29 04:18:26] Install step: extractPlugin
[2018/10/29 04:18:26] Extracting file (RainLab.Forum-plugin): 234c122362493b8ee19e78c83d4606aa.arc
[2018/10/29 04:18:27] Step extractPlugin +OK
[2018/10/29 04:18:27] Execute handler (onInstallStep): Array
(
    [result] => 1
)

.============================ POST REQUEST ==========================.
[2018/10/29 04:18:27] Postback payload: Array
(
    [step] => extractTheme
    [meta] => Array
        (
            [core] => Array
                (
                    [hash] => f4018fccd269a1ddcedc4a0e0c13d3d9
                    [build] => 443
                    [uhash] => 8dccb2043759b385e46cc3cf6a36c4b4
                )

            [plugins] => Array
                (
                    [RainLab.Blog] => 791f8428613d4d383481462d3d271477
                    [RainLab.Forum] => a55ed618f11a9daf9236dda79c245b45
                    [RainLab.User] => 57b0b68011e2fb5bd8fca8b996732c33
                )

            [themes] => Array
                (
                    [RainLab.Vanilla] => 4b893d1c085a298e9b9b1d13635a675f
                )

        )

    [name] => RainLab.Vanilla
    [handler] => onInstallStep
)

[2018/10/29 04:18:27] Install step: extractTheme
[2018/10/29 04:18:27] Extracting file (RainLab.Vanilla-theme): 299661570020b0550cc0c623eeff248a.arc
[2018/10/29 04:18:28] Step extractTheme +OK
[2018/10/29 04:18:28] Execute handler (onInstallStep): Array
(
    [result] => 1
)

.============================ POST REQUEST ==========================.
[2018/10/29 04:18:28] Postback payload: Array
(
    [step] => setupConfig
    [meta] => Array
        (
            [core] => Array
                (
                    [hash] => f4018fccd269a1ddcedc4a0e0c13d3d9
                    [build] => 443
                    [uhash] => 8dccb2043759b385e46cc3cf6a36c4b4
                )

            [plugins] => Array
                (
                    [RainLab.Blog] => 791f8428613d4d383481462d3d271477
                    [RainLab.Forum] => a55ed618f11a9daf9236dda79c245b45
                    [RainLab.User] => 57b0b68011e2fb5bd8fca8b996732c33
                )

            [themes] => Array
                (
                    [RainLab.Vanilla] => 4b893d1c085a298e9b9b1d13635a675f
                )

        )

    [db_type] => mysql
    [db_host] => localhost
    [db_port] => 
    [db_name] => october1
    [db_user] => root
    [db_pass] => *******
    [admin_first_name] => Admin
    [admin_last_name] => Person
    [admin_email] => *******@*****.com
    [admin_login] => admin
    [admin_password] => *******
    [admin_confirm_password] => *******
    [backend_uri] => /backend
    [encryption_code] => *******
    [file_mask] => 777
    [folder_mask] => 777
    [active_theme] => RainLab.Vanilla
    [handler] => onInstallStep
)

[2018/10/29 04:18:28] Install step: setupConfig
[2018/10/29 03:18:29] Step setupConfig +OK
[2018/10/29 03:18:29] Execute handler (onInstallStep): Array
(
    [result] => 
)

.============================ POST REQUEST ==========================.
[2018/10/29 04:18:29] Postback payload: Array
(
    [step] => createAdmin
    [meta] => Array
        (
            [core] => Array
                (
                    [hash] => f4018fccd269a1ddcedc4a0e0c13d3d9
                    [build] => 443
                    [uhash] => 8dccb2043759b385e46cc3cf6a36c4b4
                )

            [plugins] => Array
                (
                    [RainLab.Blog] => 791f8428613d4d383481462d3d271477
                    [RainLab.Forum] => a55ed618f11a9daf9236dda79c245b45
                    [RainLab.User] => 57b0b68011e2fb5bd8fca8b996732c33
                )

            [themes] => Array
                (
                    [RainLab.Vanilla] => 4b893d1c085a298e9b9b1d13635a675f
                )

        )

    [db_type] => mysql
    [db_host] => localhost
    [db_port] => 
    [db_name] => october1
    [db_user] => root
    [db_pass] => *******
    [admin_first_name] => Admin
    [admin_last_name] => Person
    [admin_email] => *******@*****.com
    [admin_login] => admin
    [admin_password] => *******
    [admin_confirm_password] => *******
    [backend_uri] => /backend
    [encryption_code] => *******
    [file_mask] => 777
    [folder_mask] => 777
    [active_theme] => RainLab.Vanilla
    [handler] => onInstallStep
)

[2018/10/29 04:18:29] Install step: createAdmin
[2018/10/29 03:20:07] Step createAdmin +OK
[2018/10/29 03:20:07] Execute handler (onInstallStep): Array
(
    [result] => 
)

.============================ POST REQUEST ==========================.
[2018/10/29 04:20:08] Postback payload: Array
(
    [disableLog] => 1
)

[2018/10/29 04:20:08] Install step: setupProject
[2018/10/29 04:20:08] Step setupProject +OK
[2018/10/29 04:20:08] Execute handler (onInstallStep): Array
(
    [result] => 
)

.============================ POST REQUEST ==========================.
[2018/10/29 04:20:08] Postback payload: Array
(
    [step] => finishInstall
    [meta] => Array
        (
            [core] => Array
                (
                    [hash] => f4018fccd269a1ddcedc4a0e0c13d3d9
                    [build] => 443
                    [uhash] => 8dccb2043759b385e46cc3cf6a36c4b4
                )

            [plugins] => Array
                (
                    [RainLab.Blog] => 791f8428613d4d383481462d3d271477
                    [RainLab.Forum] => a55ed618f11a9daf9236dda79c245b45
                    [RainLab.User] => 57b0b68011e2fb5bd8fca8b996732c33
                )

            [themes] => Array
                (
                    [RainLab.Vanilla] => 4b893d1c085a298e9b9b1d13635a675f
                )

        )

    [hash] => f4018fccd269a1ddcedc4a0e0c13d3d9
    [build] => 443
    [uhash] => 8dccb2043759b385e46cc3cf6a36c4b4
    [handler] => onInstallStep
)

[2018/10/29 04:20:08] Install step: finishInstall
[2018/10/29 03:20:09] Cleaning up file: 234c122362493b8ee19e78c83d4606aa.arc
[2018/10/29 03:20:09] Cleaning up file: 299661570020b0550cc0c623eeff248a.arc
[2018/10/29 03:20:09] Cleaning up file: 33b538b0804bdcfce25684369ded882c.arc
[2018/10/29 03:20:09] Cleaning up file: a74ad8dfacd4f985eb3977517615ce25.arc
[2018/10/29 03:20:09] Cleaning up file: cb06f7335746d285c7d743325010ffae.arc
[2018/10/29 03:20:09] Step finishInstall +OK
[2018/10/29 03:20:09] Execute handler (onInstallStep): Array
(
    [result] => 
)

